<?xml version="1.0" encoding="UTF-8"?>
<!-- Generated by org.testng.reporters.JUnitXMLReporter -->
<testsuite ignored="0" hostname="ZCHD-CQR-SHIVAM-PANDOH" failures="0" tests="3" name="Default test" time="0.037" errors="0" timestamp="2022-05-06T17:13:18 IST">
  <testcase classname="annotation.group" name="addition" time="0.006"/>
  <testcase classname="annotation.group" name="multiply" time="0.001"/>
  <testcase classname="annotation.group" name="testcase1" time="0.001"/>
</testsuite> <!-- Default test -->
