<?xml version="1.0" encoding="UTF-8"?>
<!-- Generated by org.testng.reporters.JUnitXMLReporter -->
<testsuite ignored="2" hostname="ZCHD-CQR-SHIVAM-PANDOH" failures="0" tests="1" name="ExcludeAndIncludeUsingTags" time="0.003" errors="0" timestamp="2022-05-02T16:19:19 IST">
  <testcase classname="testngXML.IncludeAndExcludeTags" name="test2" time="0.001"/>
  <testcase classname="testngXML.IncludeAndExcludeTags" name="test3" time="0.0">
    <ignored/>
  </testcase> <!-- test3 -->
  <testcase classname="testngXML.IncludeAndExcludeTags" name="test1" time="0.0">
    <ignored/>
  </testcase> <!-- test1 -->
</testsuite> <!-- ExcludeAndIncludeUsingTags -->
