<?xml version="1.0" encoding="UTF-8"?>
<!-- Generated by org.testng.reporters.JUnitXMLReporter -->
<testsuite ignored="1" hostname="ZCHD-CQR-SHIVAM-PANDOH" failures="0" tests="1" name="ExcludeUsingAnnoteTest" time="0.028" errors="0" timestamp="2022-05-02T16:19:19 IST">
  <testcase classname="testngXML.ExcludeUsingAnnote" name="test1" time="0.005"/>
  <testcase classname="testngXML.ExcludeUsingAnnote" name="test2" time="0.0">
    <ignored/>
  </testcase> <!-- test2 -->
</testsuite> <!-- ExcludeUsingAnnoteTest -->
