<?xml version="1.0" encoding="UTF-8"?>
<!-- Generated by org.testng.reporters.JUnitXMLReporter -->
<testsuite ignored="2" hostname="ZCHD-CQR-SHIVAM-PANDOH" failures="0" tests="1" name="Group A" time="0.073" errors="0" timestamp="2022-05-09T15:25:46 IST">
  <testcase classname="testngXML.MultiGroups" name="testcase3" time="0.013"/>
  <testcase classname="testngXML.MultiGroups" name="testcase2" time="0.0">
    <ignored/>
  </testcase> <!-- testcase2 -->
  <testcase classname="testngXML.MultiGroups" name="testcase1" time="0.0">
    <ignored/>
  </testcase> <!-- testcase1 -->
</testsuite> <!-- Group A -->
