<?xml version="1.0" encoding="UTF-8"?>
<!-- Generated by org.testng.reporters.JUnitXMLReporter -->
<testsuite ignored="2" hostname="ZCHD-CQR-SHIVAM-PANDOH" failures="0" tests="2" name="GroupTesting" time="0.107" errors="0" timestamp="2022-05-04T14:29:26 IST">
  <testcase classname="testngXML.Group1" name="test1" time="0.016"/>
  <testcase classname="testngXML.Group2" name="test2" time="0.003"/>
  <testcase classname="testngXML.Group1" name="test2" time="0.0">
    <ignored/>
  </testcase> <!-- test2 -->
  <testcase classname="testngXML.Group2" name="test1" time="0.0">
    <ignored/>
  </testcase> <!-- test1 -->
</testsuite> <!-- GroupTesting -->
