<?xml version="1.0" encoding="UTF-8"?>
<!-- Generated by org.testng.reporters.JUnitXMLReporter -->
<testsuite ignored="1" hostname="ZCHD-CQR-SHIVAM-PANDOH" failures="0" tests="2" name="Group B" time="0.092" errors="0" timestamp="2022-05-09T15:25:17 IST">
  <testcase classname="testngXML.MultiGroups" name="testcase2" time="0.016"/>
  <testcase classname="testngXML.MultiGroups" name="testcase3" time="0.002"/>
  <testcase classname="testngXML.MultiGroups" name="testcase1" time="0.0">
    <ignored/>
  </testcase> <!-- testcase1 -->
</testsuite> <!-- Group B -->
