<?xml version="1.0" encoding="UTF-8"?>
<!-- Generated by org.testng.reporters.JUnitXMLReporter -->
<testsuite ignored="0" hostname="ZCHD-CQR-SHIVAM-PANDOH" failures="0" tests="4" name="Test1" time="0.082" errors="0" timestamp="2022-05-09T16:05:01 IST">
  <testcase classname="annotation.suite" name="testcase1" time="0.011"/>
  <testcase classname="annotation.suite" name="testcase2" time="0.002"/>
  <testcase classname="annotation.test" name="testcase1" time="0.003"/>
  <testcase classname="annotation.test" name="testcase2" time="0.002"/>
</testsuite> <!-- Test1 -->
