<?xml version="1.0" encoding="UTF-8"?>
<!-- Generated by org.testng.reporters.JUnitXMLReporter -->
<testsuite ignored="1" hostname="ZCHD-CQR-SHIVAM-PANDOH" failures="0" tests="2" name="Test" time="0.086" errors="0" timestamp="2022-05-09T16:25:54 IST">
  <testcase classname="annotation.group" name="addition" time="0.007"/>
  <testcase classname="annotation.group" name="multiply" time="0.002"/>
  <testcase classname="annotation.group" name="testcase1" time="0.0">
    <ignored/>
  </testcase> <!-- testcase1 -->
</testsuite> <!-- Test -->
