<?xml version="1.0" encoding="UTF-8"?>
<testng-results ignored="1" total="3" passed="2" failed="0" skipped="0">
  <reporter-output>
  </reporter-output>
  <suite started-at="2022-05-09T16:25:54 IST" name="Suite" finished-at="2022-05-09T16:25:54 IST" duration-ms="86">
    <groups>
      <group name="Operations">
        <method signature="group.addition()[pri:0, instance:annotation.group@5fa07e12]" name="addition" class="annotation.group"/>
        <method signature="group.multiply()[pri:0, instance:annotation.group@5fa07e12]" name="multiply" class="annotation.group"/>
      </group> <!-- Operations -->
    </groups>
    <test started-at="2022-05-09T16:25:54 IST" name="Test" finished-at="2022-05-09T16:25:54 IST" duration-ms="86">
      <class name="annotation.group">
        <test-method is-config="true" signature="beforeClassTest()[pri:0, instance:annotation.group@5fa07e12]" started-at="2022-05-09T16:25:54 IST" name="beforeClassTest" finished-at="2022-05-09T16:25:54 IST" duration-ms="8" status="PASS">
          <reporter-output>
          </reporter-output>
        </test-method> <!-- beforeClassTest -->
        <test-method signature="addition()[pri:0, instance:annotation.group@5fa07e12]" started-at="2022-05-09T16:25:54 IST" name="addition" finished-at="2022-05-09T16:25:54 IST" duration-ms="7" status="PASS">
          <reporter-output>
          </reporter-output>
        </test-method> <!-- addition -->
        <test-method signature="multiply()[pri:0, instance:annotation.group@5fa07e12]" started-at="2022-05-09T16:25:54 IST" name="multiply" finished-at="2022-05-09T16:25:54 IST" duration-ms="2" status="PASS">
          <reporter-output>
          </reporter-output>
        </test-method> <!-- multiply -->
        <test-method is-config="true" signature="afterClassTest()[pri:0, instance:annotation.group@5fa07e12]" started-at="2022-05-09T16:25:54 IST" name="afterClassTest" finished-at="2022-05-09T16:25:54 IST" duration-ms="0" status="PASS">
          <reporter-output>
          </reporter-output>
        </test-method> <!-- afterClassTest -->
      </class> <!-- annotation.group -->
    </test> <!-- Test -->
  </suite> <!-- Suite -->
</testng-results>
